2025-09-08 12:57:38 [INFO]: [EVENT] Сервер успішно запущено
2025-09-08 12:57:45 [INFO]: [EVENT] Сервер успішно запущено
2025-09-18 22:22:45 [INFO]: [EVENT] Сервер успішно запущено
2025-09-18 22:28:40 [INFO]: [EVENT] Отримано список фільмів | Count: 20
2025-09-18 22:31:00 [INFO]: [EVENT] Отримано список фільмів | Count: 20
2025-09-18 22:41:52 [INFO]: [EVENT] Отримано деталі фільму | ID: 3
2025-09-18 22:41:55 [INFO]: [EVENT] Отримано список фільмів | Count: 20
2025-09-18 22:44:29 [INFO]: [EVENT] Отримано деталі фільму | ID: 4
2025-09-18 22:46:29 [INFO]: [EVENT] Отримано список фільмів | Count: 20
2025-09-18 22:51:25 [INFO]: [EVENT] Отримано деталі фільму | ID: 4
2025-09-18 22:52:58 [INFO]: [EVENT] Отримано список фільмів | Count: 20
2025-09-18 22:54:00 [INFO]: [EVENT] Отримано список фільмів | Count: 20
2025-09-18 23:00:54 [INFO]: [EVENT] Отримано список фільмів | Count: 20
2025-09-18 23:02:39 [INFO]: [EVENT] Отримано список фільмів | Count: 20
2025-09-22 19:02:46 [INFO]: [EVENT] Сервер успішно запущено
2025-09-22 19:03:06 [INFO]: [EVENT] Отримано список фільмів | Count: 20
2025-09-22 19:03:18 [INFO]: [EVENT] Реєстрація користувача: Bo | Email: rudnevskiy.b@gmail.com
2025-09-22 19:03:22 [INFO]: [EVENT] Успішний логін користувача: Bo | Email: rudnevskiy.b@gmail.com
2025-09-22 19:03:22 [INFO]: [EVENT] Отримано список фільмів | Count: 20
2025-09-22 19:03:26 [INFO]: [EVENT] Отримано деталі фільму | ID: 13
2025-09-22 19:03:32 [INFO]: [EVENT] Користувач 1 додав коментар до фільму 13: Cool movie
2025-09-22 19:03:32 [INFO]: [EVENT] Отримано деталі фільму | ID: 13
2025-09-22 19:03:35 [INFO]: [EVENT] Користувач 1 поставив like фільму 13
2025-09-22 19:03:35 [INFO]: [EVENT] Отримано деталі фільму | ID: 13
2025-09-22 19:03:35 [INFO]: [EVENT] Користувач 1 змінив лайк/дизлайк фільму 13 на dislike
2025-09-22 19:03:35 [INFO]: [EVENT] Отримано деталі фільму | ID: 13
2025-09-22 19:03:36 [INFO]: [EVENT] Користувач 1 змінив лайк/дизлайк фільму 13 на like
2025-09-22 19:03:36 [INFO]: [EVENT] Отримано деталі фільму | ID: 13
2025-09-22 19:03:40 [INFO]: [EVENT] Отримано деталі фільму | ID: 13
2025-09-22 19:03:40 [INFO]: [EVENT] Отримано список фільмів | Count: 20
2025-09-22 19:04:10 [INFO]: [EVENT] Отримано список фільмів | Count: 20
2025-09-22 19:04:12 [INFO]: [EVENT] Отримано деталі фільму | ID: 4
2025-09-22 19:04:28 [INFO]: [EVENT] Отримано деталі фільму | ID: 4
2025-09-22 19:04:34 [INFO]: [EVENT] Отримано список фільмів | Count: 20
2025-09-22 19:04:38 [INFO]: [EVENT] Отримано деталі фільму | ID: 10
2025-09-22 19:05:00 [INFO]: [EVENT] Отримано список фільмів | Count: 20
2025-09-22 19:05:03 [INFO]: [EVENT] Отримано деталі фільму | ID: 13
2025-09-22 19:08:50 [INFO]: [EVENT] Отримано список фільмів | Count: 20
2025-09-22 19:08:56 [INFO]: [EVENT] Отримано список фільмів | Count: 20
2025-09-22 19:10:22 [INFO]: [EVENT] Отримано список фільмів | Count: 20
